*** Starting uWSGI 2.0.14 (64bit) on [Fri Jan  6 15:51:02 2017] ***
compiled with version: 4.8.5 20150623 (Red Hat 4.8.5-11) on 03 January 2017 13:50:45
os: Linux-3.10.0-514.el7.x86_64 #1 SMP Tue Nov 22 16:42:41 UTC 2016
nodename: localhost.localdomain
machine: x86_64
clock source: unix
detected number of CPU cores: 1
current working directory: /home/zyh/py
writing pidfile to /home/zyh/py/mysite/uwsgi_pid.log
detected binary path: /usr/bin/uwsgi
!!! no internal routing support, rebuild with pcre support !!!
chdir() to /home/zyh/py/mysite
your processes number limit is 4096
your memory page size is 4096 bytes
detected max file descriptor number: 1024
lock engine: pthread robust mutexes
thunder lock: disabled (you can enable it with --thunder-lock)
uwsgi socket 0 bound to TCP address :8000 fd 3
Python version: 2.7.5 (default, Nov  6 2016, 00:28:07)  [GCC 4.8.5 20150623 (Red Hat 4.8.5-11)]
*** Python threads support is disabled. You can enable it with --enable-threads ***
Python main interpreter initialized at 0x2380e80
your server socket listen backlog is limited to 100 connections
your mercy for graceful operations on workers is 60 seconds
mapped 363800 bytes (355 KB) for 4 cores
*** Operational MODE: preforking ***
WSGI app 0 (mountpoint='') ready in 0 seconds on interpreter 0x2380e80 pid: 5585 (default app)
*** uWSGI is running in multiple interpreter mode ***
spawned uWSGI master process (pid: 5585)
spawned uWSGI worker 1 (pid: 5600, cores: 1)
spawned uWSGI worker 2 (pid: 5601, cores: 1)
spawned uWSGI worker 3 (pid: 5602, cores: 1)
spawned uWSGI worker 4 (pid: 5603, cores: 1)
*** Starting uWSGI 2.0.14 (64bit) on [Fri Jan  6 15:52:15 2017] ***
compiled with version: 4.8.5 20150623 (Red Hat 4.8.5-11) on 03 January 2017 13:50:45
os: Linux-3.10.0-514.el7.x86_64 #1 SMP Tue Nov 22 16:42:41 UTC 2016
nodename: localhost.localdomain
machine: x86_64
clock source: unix
detected number of CPU cores: 1
current working directory: /home/zyh/py
writing pidfile to /home/zyh/py/mysite/uwsgi_pid.log
detected binary path: /usr/bin/uwsgi
!!! no internal routing support, rebuild with pcre support !!!
chdir() to /home/zyh/py/mysite
your processes number limit is 4096
your memory page size is 4096 bytes
detected max file descriptor number: 1024
lock engine: pthread robust mutexes
thunder lock: disabled (you can enable it with --thunder-lock)
probably another instance of uWSGI is running on the same address (:8000).
bind(): Address already in use [core/socket.c line 769]
...brutally killing workers...
worker 1 buried after 1 seconds
worker 2 buried after 1 seconds
worker 3 buried after 1 seconds
worker 4 buried after 1 seconds
binary reloading uWSGI...
chdir() to /home/zyh/py
closing all non-uwsgi socket fds > 2 (max_fd = 1024)...
found fd 3 mapped to socket 0 (:8000)
running /usr/bin/uwsgi
[uWSGI] getting INI configuration from /home/zyh/py/mysite/uwsgi.ini
*** Starting uWSGI 2.0.14 (64bit) on [Fri Jan  6 08:06:59 2017] ***
compiled with version: 4.8.5 20150623 (Red Hat 4.8.5-11) on 03 January 2017 13:50:45
os: Linux-3.10.0-514.el7.x86_64 #1 SMP Tue Nov 22 16:42:41 UTC 2016
nodename: localhost.localdomain
machine: x86_64
clock source: unix
detected number of CPU cores: 1
current working directory: /home/zyh/py
detected binary path: /usr/bin/uwsgi
!!! no internal routing support, rebuild with pcre support !!!
chdir() to /home/zyh/py/mysite
your processes number limit is 4096
your memory page size is 4096 bytes
detected max file descriptor number: 1024
lock engine: pthread robust mutexes
thunder lock: disabled (you can enable it with --thunder-lock)
uwsgi socket 0 inherited INET address :8000 fd 3
uwsgi socket 1 inherited INET address :8000 fd 3
Python version: 2.7.5 (default, Nov  6 2016, 00:28:07)  [GCC 4.8.5 20150623 (Red Hat 4.8.5-11)]
*** Python threads support is disabled. You can enable it with --enable-threads ***
Python main interpreter initialized at 0xc0cf40
your server socket listen backlog is limited to 100 connections
your mercy for graceful operations on workers is 60 seconds
mapped 363800 bytes (355 KB) for 4 cores
*** Operational MODE: preforking ***
WSGI app 0 (mountpoint='') ready in 0 seconds on interpreter 0xc0cf40 pid: 5585 (default app)
*** uWSGI is running in multiple interpreter mode ***
gracefully (RE)spawned uWSGI master process (pid: 5585)
spawned uWSGI worker 1 (pid: 6316, cores: 1)
spawned uWSGI worker 2 (pid: 6317, cores: 1)
spawned uWSGI worker 3 (pid: 6318, cores: 1)
spawned uWSGI worker 4 (pid: 6319, cores: 1)
epoll_ctl(): File exists [core/event.c line 521]
epoll_ctl(): File exists [core/event.c line 521]
epoll_ctl(): File exists [core/event.c line 521]
epoll_ctl(): File exists [core/event.c line 521]
*** Starting uWSGI 2.0.14 (64bit) on [Fri Jan  6 16:49:43 2017] ***
compiled with version: 4.8.5 20150623 (Red Hat 4.8.5-11) on 03 January 2017 13:50:45
os: Linux-3.10.0-514.el7.x86_64 #1 SMP Tue Nov 22 16:42:41 UTC 2016
nodename: localhost.localdomain
machine: x86_64
clock source: unix
detected number of CPU cores: 1
current working directory: /home/zyh
writing pidfile to /home/zyh/py/mysite/uwsgi_pid.log
detected binary path: /usr/bin/uwsgi
!!! no internal routing support, rebuild with pcre support !!!
chdir() to /home/zyh/py/mysite
your processes number limit is 4096
your memory page size is 4096 bytes
detected max file descriptor number: 1024
lock engine: pthread robust mutexes
thunder lock: disabled (you can enable it with --thunder-lock)
uwsgi socket 0 bound to TCP address :8000 fd 3
Python version: 2.7.5 (default, Nov  6 2016, 00:28:07)  [GCC 4.8.5 20150623 (Red Hat 4.8.5-11)]
*** Python threads support is disabled. You can enable it with --enable-threads ***
Python main interpreter initialized at 0x138be50
your server socket listen backlog is limited to 100 connections
your mercy for graceful operations on workers is 60 seconds
mapped 363800 bytes (355 KB) for 4 cores
*** Operational MODE: preforking ***
WSGI app 0 (mountpoint='') ready in 0 seconds on interpreter 0x138be50 pid: 5106 (default app)
*** uWSGI is running in multiple interpreter mode ***
spawned uWSGI master process (pid: 5106)
spawned uWSGI worker 1 (pid: 5121, cores: 1)
spawned uWSGI worker 2 (pid: 5122, cores: 1)
spawned uWSGI worker 3 (pid: 5123, cores: 1)
spawned uWSGI worker 4 (pid: 5124, cores: 1)
*** Starting uWSGI 2.0.14 (64bit) on [Fri Jan  6 16:52:08 2017] ***
compiled with version: 4.8.5 20150623 (Red Hat 4.8.5-11) on 03 January 2017 13:50:45
os: Linux-3.10.0-514.el7.x86_64 #1 SMP Tue Nov 22 16:42:41 UTC 2016
nodename: localhost.localdomain
machine: x86_64
clock source: unix
detected number of CPU cores: 1
current working directory: /home/zyh
writing pidfile to /home/zyh/py/mysite/uwsgi_pid.log
detected binary path: /usr/bin/uwsgi
!!! no internal routing support, rebuild with pcre support !!!
chdir() to /home/zyh/py/mysite
your processes number limit is 4096
your memory page size is 4096 bytes
detected max file descriptor number: 1024
lock engine: pthread robust mutexes
thunder lock: disabled (you can enable it with --thunder-lock)
probably another instance of uWSGI is running on the same address (:8000).
bind(): Address already in use [core/socket.c line 769]
*** Starting uWSGI 2.0.14 (64bit) on [Fri Jan  6 16:52:23 2017] ***
compiled with version: 4.8.5 20150623 (Red Hat 4.8.5-11) on 03 January 2017 13:50:45
os: Linux-3.10.0-514.el7.x86_64 #1 SMP Tue Nov 22 16:42:41 UTC 2016
nodename: localhost.localdomain
machine: x86_64
clock source: unix
detected number of CPU cores: 1
current working directory: /home/zyh
writing pidfile to /home/zyh/py/mysite/uwsgi_pid.log
detected binary path: /usr/bin/uwsgi
!!! no internal routing support, rebuild with pcre support !!!
chdir() to /home/zyh/py/mysite
your processes number limit is 4096
your memory page size is 4096 bytes
detected max file descriptor number: 1024
lock engine: pthread robust mutexes
thunder lock: disabled (you can enable it with --thunder-lock)
probably another instance of uWSGI is running on the same address (:8000).
bind(): Address already in use [core/socket.c line 769]
*** Starting uWSGI 2.0.14 (64bit) on [Fri Jan  6 17:04:38 2017] ***
compiled with version: 4.8.5 20150623 (Red Hat 4.8.5-11) on 03 January 2017 13:50:45
os: Linux-3.10.0-514.el7.x86_64 #1 SMP Tue Nov 22 16:42:41 UTC 2016
nodename: localhost.localdomain
machine: x86_64
clock source: unix
detected number of CPU cores: 1
current working directory: /home/zyh
writing pidfile to /home/zyh/py/mysite/uwsgi_pid.log
detected binary path: /usr/bin/uwsgi
!!! no internal routing support, rebuild with pcre support !!!
chdir() to /home/zyh/py/mysite
your processes number limit is 4096
your memory page size is 4096 bytes
detected max file descriptor number: 1024
lock engine: pthread robust mutexes
thunder lock: disabled (you can enable it with --thunder-lock)
probably another instance of uWSGI is running on the same address (:8000).
bind(): Address already in use [core/socket.c line 769]
*** Starting uWSGI 2.0.14 (64bit) on [Fri Jan  6 17:07:08 2017] ***
compiled with version: 4.8.5 20150623 (Red Hat 4.8.5-11) on 03 January 2017 13:50:45
os: Linux-3.10.0-514.el7.x86_64 #1 SMP Tue Nov 22 16:42:41 UTC 2016
nodename: localhost.localdomain
machine: x86_64
clock source: unix
detected number of CPU cores: 1
current working directory: /home/zyh
writing pidfile to /home/zyh/py/mysite/uwsgi_pid.log
detected binary path: /usr/bin/uwsgi
!!! no internal routing support, rebuild with pcre support !!!
chdir() to /home/zyh/py/mysite
your processes number limit is 4096
your memory page size is 4096 bytes
detected max file descriptor number: 1024
lock engine: pthread robust mutexes
thunder lock: disabled (you can enable it with --thunder-lock)
probably another instance of uWSGI is running on the same address (:8000).
bind(): Address already in use [core/socket.c line 769]
*** Starting uWSGI 2.0.14 (64bit) on [Fri Jan  6 17:21:39 2017] ***
compiled with version: 4.8.5 20150623 (Red Hat 4.8.5-11) on 03 January 2017 13:50:45
os: Linux-3.10.0-514.el7.x86_64 #1 SMP Tue Nov 22 16:42:41 UTC 2016
nodename: localhost.localdomain
machine: x86_64
clock source: unix
detected number of CPU cores: 1
current working directory: /home/zyh
writing pidfile to /home/zyh/py/mysite/uwsgi_pid.log
detected binary path: /usr/bin/uwsgi
!!! no internal routing support, rebuild with pcre support !!!
chdir() to /home/zyh/py/mysite
your processes number limit is 4096
your memory page size is 4096 bytes
detected max file descriptor number: 1024
lock engine: pthread robust mutexes
thunder lock: disabled (you can enable it with --thunder-lock)
probably another instance of uWSGI is running on the same address (:8000).
bind(): Address already in use [core/socket.c line 769]
[pid: 5121|app: 0|req: 1/1] 127.0.0.1 () {42 vars in 703 bytes} [Fri Jan  6 09:25:09 2017] GET /admin/ => generated 0 bytes in 754 msecs (HTTP/1.1 302) 7 headers in 292 bytes (1 switches on core 0)
[pid: 5124|app: 0|req: 1/2] 127.0.0.1 () {40 vars in 709 bytes} [Fri Jan  6 09:25:10 2017] GET /admin/login/?next=/admin/ => generated 1651 bytes in 229 msecs (HTTP/1.1 200) 7 headers in 405 bytes (1 switches on core 0)
[pid: 5121|app: 0|req: 2/3] 127.0.0.1 () {40 vars in 672 bytes} [Fri Jan  6 09:25:34 2017] GET /regist => generated 0 bytes in 0 msecs (HTTP/1.1 301) 2 headers in 94 bytes (1 switches on core 0)
[pid: 5121|app: 0|req: 3/4] 127.0.0.1 () {40 vars in 674 bytes} [Fri Jan  6 09:25:34 2017] GET /regist/ => generated 1424 bytes in 25 msecs (HTTP/1.1 200) 4 headers in 256 bytes (1 switches on core 0)
[pid: 5121|app: 0|req: 4/5] 127.0.0.1 () {42 vars in 685 bytes} [Fri Jan  6 09:25:34 2017] GET /nini/ => generated 1974 bytes in 439 msecs (HTTP/1.1 200) 4 headers in 233 bytes (1 switches on core 0)
[pid: 5121|app: 0|req: 5/6] 127.0.0.1 () {42 vars in 730 bytes} [Fri Jan  6 09:25:37 2017] GET /nini/? => generated 2050 bytes in 14 msecs (HTTP/1.1 200) 4 headers in 233 bytes (1 switches on core 0)
invalid request block size: 21573 (max 4096)...skip
[pid: 5121|app: 0|req: 6/7] 127.0.0.1 () {40 vars in 718 bytes} [Fri Jan  6 09:26:58 2017] GET /regist/ => generated 1424 bytes in 4 msecs (HTTP/1.1 200) 4 headers in 256 bytes (1 switches on core 0)
[pid: 5121|app: 0|req: 7/8] 127.0.0.1 () {42 vars in 729 bytes} [Fri Jan  6 09:26:58 2017] GET /nini/ => generated 1963 bytes in 106 msecs (HTTP/1.1 200) 4 headers in 233 bytes (1 switches on core 0)
*** Starting uWSGI 2.0.14 (64bit) on [Fri Jan  6 17:27:53 2017] ***
compiled with version: 4.8.5 20150623 (Red Hat 4.8.5-11) on 03 January 2017 13:50:45
os: Linux-3.10.0-514.el7.x86_64 #1 SMP Tue Nov 22 16:42:41 UTC 2016
nodename: localhost.localdomain
machine: x86_64
clock source: unix
detected number of CPU cores: 1
current working directory: /home/zyh
writing pidfile to /home/zyh/py/mysite/uwsgi_pid.log
detected binary path: /usr/bin/uwsgi
!!! no internal routing support, rebuild with pcre support !!!
chdir() to /home/zyh/py/mysite
your processes number limit is 4096
your memory page size is 4096 bytes
detected max file descriptor number: 1024
lock engine: pthread robust mutexes
thunder lock: disabled (you can enable it with --thunder-lock)
probably another instance of uWSGI is running on the same address (:8000).
bind(): Address already in use [core/socket.c line 769]
[pid: 5121|app: 0|req: 8/9] 127.0.0.1 () {42 vars in 749 bytes} [Fri Jan  6 09:28:14 2017] GET /regist/ => generated 1424 bytes in 7 msecs (HTTP/1.1 200) 4 headers in 256 bytes (1 switches on core 0)
[pid: 5121|app: 0|req: 9/10] 127.0.0.1 () {44 vars in 760 bytes} [Fri Jan  6 09:28:15 2017] GET /nini/ => generated 2089 bytes in 43 msecs (HTTP/1.1 200) 4 headers in 233 bytes (1 switches on core 0)
[pid: 5121|app: 0|req: 10/11] 127.0.0.1 () {40 vars in 716 bytes} [Fri Jan  6 09:30:23 2017] GET /admin/ => generated 0 bytes in 23 msecs (HTTP/1.1 302) 7 headers in 292 bytes (1 switches on core 0)
[pid: 5121|app: 0|req: 11/12] 127.0.0.1 () {40 vars in 753 bytes} [Fri Jan  6 09:30:23 2017] GET /admin/login/?next=/admin/ => generated 1651 bytes in 37 msecs (HTTP/1.1 200) 7 headers in 405 bytes (1 switches on core 0)
*** Starting uWSGI 2.0.14 (64bit) on [Fri Jan  6 17:31:13 2017] ***
compiled with version: 4.8.5 20150623 (Red Hat 4.8.5-11) on 03 January 2017 13:50:45
os: Linux-3.10.0-514.el7.x86_64 #1 SMP Tue Nov 22 16:42:41 UTC 2016
nodename: localhost.localdomain
machine: x86_64
clock source: unix
detected number of CPU cores: 1
current working directory: /home/zyh
writing pidfile to /home/zyh/py/mysite/uwsgi_pid.log
detected binary path: /usr/bin/uwsgi
!!! no internal routing support, rebuild with pcre support !!!
chdir() to /home/zyh/py/mysite
your processes number limit is 4096
your memory page size is 4096 bytes
detected max file descriptor number: 1024
lock engine: pthread robust mutexes
thunder lock: disabled (you can enable it with --thunder-lock)
probably another instance of uWSGI is running on the same address (:8000).
bind(): Address already in use [core/socket.c line 769]
[pid: 5121|app: 0|req: 12/13] 127.0.0.1 () {42 vars in 787 bytes} [Fri Jan  6 09:31:36 2017] GET /admin/login/?next=/admin/ => generated 1651 bytes in 20 msecs (HTTP/1.1 200) 7 headers in 405 bytes (1 switches on core 0)
[pid: 5121|app: 0|req: 13/14] 127.0.0.1 () {40 vars in 756 bytes} [Fri Jan  6 09:32:01 2017] GET /admin/login/?next=/admin/ => generated 1651 bytes in 120 msecs (HTTP/1.1 200) 7 headers in 405 bytes (1 switches on core 0)
...brutally killing workers...
worker 1 buried after 1 seconds
worker 2 buried after 1 seconds
worker 3 buried after 1 seconds
worker 4 buried after 1 seconds
binary reloading uWSGI...
chdir() to /home/zyh
closing all non-uwsgi socket fds > 2 (max_fd = 1024)...
found fd 3 mapped to socket 0 (:8000)
running /usr/bin/uwsgi
[uWSGI] getting INI configuration from /home/zyh/py/mysite/uwsgi.ini
*** Starting uWSGI 2.0.14 (64bit) on [Fri Jan  6 10:16:56 2017] ***
compiled with version: 4.8.5 20150623 (Red Hat 4.8.5-11) on 03 January 2017 13:50:45
os: Linux-3.10.0-514.el7.x86_64 #1 SMP Tue Nov 22 16:42:41 UTC 2016
nodename: localhost.localdomain
machine: x86_64
clock source: unix
detected number of CPU cores: 1
current working directory: /home/zyh
detected binary path: /usr/bin/uwsgi
!!! no internal routing support, rebuild with pcre support !!!
chdir() to /home/zyh/py/mysite
your processes number limit is 4096
your memory page size is 4096 bytes
detected max file descriptor number: 1024
lock engine: pthread robust mutexes
thunder lock: disabled (you can enable it with --thunder-lock)
uwsgi socket 0 inherited INET address :8000 fd 3
uwsgi socket 1 inherited INET address :8000 fd 3
Python version: 2.7.5 (default, Nov  6 2016, 00:28:07)  [GCC 4.8.5 20150623 (Red Hat 4.8.5-11)]
*** Python threads support is disabled. You can enable it with --enable-threads ***
Python main interpreter initialized at 0x21aef10
your server socket listen backlog is limited to 100 connections
your mercy for graceful operations on workers is 60 seconds
mapped 363800 bytes (355 KB) for 4 cores
*** Operational MODE: preforking ***
WSGI app 0 (mountpoint='') ready in 1 seconds on interpreter 0x21aef10 pid: 5106 (default app)
*** uWSGI is running in multiple interpreter mode ***
gracefully (RE)spawned uWSGI master process (pid: 5106)
spawned uWSGI worker 1 (pid: 10219, cores: 1)
spawned uWSGI worker 2 (pid: 10220, cores: 1)
spawned uWSGI worker 3 (pid: 10221, cores: 1)
epoll_ctl(): File exists [core/event.c line 521]
epoll_ctl(): File exists [core/event.c line 521]
spawned uWSGI worker 4 (pid: 10222, cores: 1)
epoll_ctl(): File exists [core/event.c line 521]
epoll_ctl(): File exists [core/event.c line 521]
*** Starting uWSGI 2.0.14 (64bit) on [Tue Jan 10 19:22:16 2017] ***
compiled with version: 4.8.5 20150623 (Red Hat 4.8.5-11) on 03 January 2017 13:50:45
os: Linux-3.10.0-514.el7.x86_64 #1 SMP Tue Nov 22 16:42:41 UTC 2016
nodename: localhost.localdomain
machine: x86_64
clock source: unix
detected number of CPU cores: 1
current working directory: /home/zyh
writing pidfile to /home/zyh/py/mysite/uwsgi_pid.log
detected binary path: /usr/bin/uwsgi
!!! no internal routing support, rebuild with pcre support !!!
chdir() to /home/zyh/py/mysite
your processes number limit is 4096
your memory page size is 4096 bytes
detected max file descriptor number: 1024
lock engine: pthread robust mutexes
thunder lock: disabled (you can enable it with --thunder-lock)
uwsgi socket 0 bound to TCP address :8000 fd 3
Python version: 2.7.5 (default, Nov  6 2016, 00:28:07)  [GCC 4.8.5 20150623 (Red Hat 4.8.5-11)]
*** Python threads support is disabled. You can enable it with --enable-threads ***
Python main interpreter initialized at 0x14e2f30
your server socket listen backlog is limited to 100 connections
your mercy for graceful operations on workers is 60 seconds
mapped 363800 bytes (355 KB) for 4 cores
*** Operational MODE: preforking ***
WSGI app 0 (mountpoint='') ready in 0 seconds on interpreter 0x14e2f30 pid: 6490 (default app)
*** uWSGI is running in multiple interpreter mode ***
spawned uWSGI master process (pid: 6490)
spawned uWSGI worker 1 (pid: 6506, cores: 1)
spawned uWSGI worker 2 (pid: 6507, cores: 1)
spawned uWSGI worker 3 (pid: 6508, cores: 1)
spawned uWSGI worker 4 (pid: 6509, cores: 1)
[pid: 6508|app: 0|req: 1/1] 127.0.0.1 () {40 vars in 716 bytes} [Tue Jan 10 11:22:58 2017] GET /admin/ => generated 2733 bytes in 199 msecs (HTTP/1.1 200) 6 headers in 251 bytes (1 switches on core 0)
Not Found: /favicon.ico
[pid: 6508|app: 0|req: 2/2] 127.0.0.1 () {40 vars in 726 bytes} [Tue Jan 10 11:22:58 2017] GET /favicon.ico => generated 2548 bytes in 4 msecs (HTTP/1.1 404) 2 headers in 80 bytes (1 switches on core 0)
[pid: 6508|app: 0|req: 3/3] 127.0.0.1 () {42 vars in 780 bytes} [Tue Jan 10 11:23:31 2017] GET /admin/auth/user/ => generated 6368 bytes in 88 msecs (HTTP/1.1 200) 7 headers in 405 bytes (1 switches on core 0)
[pid: 6508|app: 0|req: 4/4] 127.0.0.1 () {42 vars in 724 bytes} [Tue Jan 10 11:23:31 2017] GET /admin/jsi18n/ => generated 7758 bytes in 18 msecs (HTTP/1.1 200) 3 headers in 93 bytes (1 switches on core 0)
[pid: 6508|app: 0|req: 5/5] 127.0.0.1 () {44 vars in 811 bytes} [Tue Jan 10 11:34:54 2017] GET /admin/auth/user/ => generated 6368 bytes in 149 msecs (HTTP/1.1 200) 7 headers in 405 bytes (1 switches on core 0)
[pid: 6508|app: 0|req: 6/6] 127.0.0.1 () {44 vars in 755 bytes} [Tue Jan 10 11:34:54 2017] GET /admin/jsi18n/ => generated 7758 bytes in 8 msecs (HTTP/1.1 200) 3 headers in 93 bytes (1 switches on core 0)
[pid: 6508|app: 0|req: 7/7] 127.0.0.1 () {44 vars in 811 bytes} [Tue Jan 10 11:34:56 2017] GET /admin/auth/user/ => generated 6368 bytes in 221 msecs (HTTP/1.1 200) 7 headers in 405 bytes (1 switches on core 0)
[pid: 6508|app: 0|req: 8/8] 127.0.0.1 () {44 vars in 755 bytes} [Tue Jan 10 11:34:56 2017] GET /admin/jsi18n/ => generated 7758 bytes in 8 msecs (HTTP/1.1 200) 3 headers in 93 bytes (1 switches on core 0)
[pid: 6508|app: 0|req: 9/9] 127.0.0.1 () {40 vars in 716 bytes} [Tue Jan 10 11:35:01 2017] GET /admin/ => generated 2733 bytes in 112 msecs (HTTP/1.1 200) 6 headers in 251 bytes (1 switches on core 0)
...brutally killing workers...
worker 1 buried after 1 seconds
worker 2 buried after 1 seconds
worker 3 buried after 1 seconds
worker 4 buried after 1 seconds
binary reloading uWSGI...
chdir() to /home/zyh
closing all non-uwsgi socket fds > 2 (max_fd = 1024)...
found fd 3 mapped to socket 0 (:8000)
running /usr/bin/uwsgi
[uWSGI] getting INI configuration from /home/zyh/py/mysite/uwsgi.ini
*** Starting uWSGI 2.0.14 (64bit) on [Tue Jan 10 11:49:52 2017] ***
compiled with version: 4.8.5 20150623 (Red Hat 4.8.5-11) on 03 January 2017 13:50:45
os: Linux-3.10.0-514.el7.x86_64 #1 SMP Tue Nov 22 16:42:41 UTC 2016
nodename: localhost.localdomain
machine: x86_64
clock source: unix
detected number of CPU cores: 1
current working directory: /home/zyh
detected binary path: /usr/bin/uwsgi
!!! no internal routing support, rebuild with pcre support !!!
chdir() to /home/zyh/py/mysite
your processes number limit is 4096
your memory page size is 4096 bytes
detected max file descriptor number: 1024
lock engine: pthread robust mutexes
thunder lock: disabled (you can enable it with --thunder-lock)
uwsgi socket 0 inherited INET address :8000 fd 3
Python version: 2.7.5 (default, Nov  6 2016, 00:28:07)  [GCC 4.8.5 20150623 (Red Hat 4.8.5-11)]
*** Python threads support is disabled. You can enable it with --enable-threads ***
Python main interpreter initialized at 0xd2dd30
your server socket listen backlog is limited to 100 connections
your mercy for graceful operations on workers is 60 seconds
mapped 363800 bytes (355 KB) for 4 cores
*** Operational MODE: preforking ***
WSGI app 0 (mountpoint='') ready in 0 seconds on interpreter 0xd2dd30 pid: 6490 (default app)
*** uWSGI is running in multiple interpreter mode ***
gracefully (RE)spawned uWSGI master process (pid: 6490)
spawned uWSGI worker 1 (pid: 7528, cores: 1)
spawned uWSGI worker 2 (pid: 7529, cores: 1)
spawned uWSGI worker 3 (pid: 7530, cores: 1)
spawned uWSGI worker 4 (pid: 7531, cores: 1)
*** Starting uWSGI 2.0.14 (64bit) on [Tue Jan 10 20:05:34 2017] ***
compiled with version: 4.8.5 20150623 (Red Hat 4.8.5-11) on 03 January 2017 13:50:45
os: Linux-3.10.0-514.el7.x86_64 #1 SMP Tue Nov 22 16:42:41 UTC 2016
nodename: localhost.localdomain
machine: x86_64
clock source: unix
detected number of CPU cores: 1
current working directory: /home/zyh
writing pidfile to /home/zyh/py/mysite/uwsgi_pid.log
detected binary path: /usr/bin/uwsgi
!!! no internal routing support, rebuild with pcre support !!!
chdir() to /home/zyh/py/mysite
your processes number limit is 4096
your memory page size is 4096 bytes
detected max file descriptor number: 1024
lock engine: pthread robust mutexes
thunder lock: disabled (you can enable it with --thunder-lock)
uwsgi socket 0 bound to TCP address :8000 fd 3
Python version: 2.7.5 (default, Nov  6 2016, 00:28:07)  [GCC 4.8.5 20150623 (Red Hat 4.8.5-11)]
*** Python threads support is disabled. You can enable it with --enable-threads ***
Python main interpreter initialized at 0x186af30
your server socket listen backlog is limited to 100 connections
your mercy for graceful operations on workers is 60 seconds
mapped 363800 bytes (355 KB) for 4 cores
*** Operational MODE: preforking ***
WSGI app 0 (mountpoint='') ready in 1 seconds on interpreter 0x186af30 pid: 4695 (default app)
*** uWSGI is running in multiple interpreter mode ***
spawned uWSGI master process (pid: 4695)
spawned uWSGI worker 1 (pid: 4711, cores: 1)
spawned uWSGI worker 2 (pid: 4712, cores: 1)
spawned uWSGI worker 3 (pid: 4713, cores: 1)
spawned uWSGI worker 4 (pid: 4714, cores: 1)
[pid: 4713|app: 0|req: 1/1] 127.0.0.1 () {40 vars in 716 bytes} [Tue Jan 10 12:06:20 2017] GET /admin/ => generated 0 bytes in 123 msecs (HTTP/1.1 302) 7 headers in 361 bytes (1 switches on core 0)
[pid: 4712|app: 0|req: 1/2] 127.0.0.1 () {40 vars in 709 bytes} [Tue Jan 10 12:06:20 2017] GET /admin/login/?next=/admin/ => generated 1651 bytes in 92 msecs (HTTP/1.1 200) 7 headers in 405 bytes (1 switches on core 0)
Not Found: /favicon.ico
[pid: 4713|app: 0|req: 2/3] 127.0.0.1 () {40 vars in 682 bytes} [Tue Jan 10 12:06:20 2017] GET /favicon.ico => generated 2548 bytes in 4 msecs (HTTP/1.1 404) 2 headers in 80 bytes (1 switches on core 0)
[pid: 4713|app: 0|req: 3/4] 127.0.0.1 () {42 vars in 740 bytes} [Tue Jan 10 12:09:49 2017] GET /admin/login/?next=/admin/ => generated 1651 bytes in 81 msecs (HTTP/1.1 200) 7 headers in 405 bytes (1 switches on core 0)
[pid: 4713|app: 0|req: 4/5] 127.0.0.1 () {46 vars in 889 bytes} [Tue Jan 10 12:10:07 2017] POST /admin/login/?next=/admin/ => generated 0 bytes in 206 msecs (HTTP/1.1 302) 9 headers in 558 bytes (1 switches on core 0)
[pid: 4713|app: 0|req: 5/6] 127.0.0.1 () {42 vars in 779 bytes} [Tue Jan 10 12:10:07 2017] GET /admin/ => generated 2733 bytes in 112 msecs (HTTP/1.1 200) 6 headers in 251 bytes (1 switches on core 0)
...brutally killing workers...
Gracefully killing worker 1 (pid: 4711)...
Gracefully killing worker 2 (pid: 4712)...
Gracefully killing worker 4 (pid: 4714)...
Gracefully killing worker 3 (pid: 4713)...
